[libprotobuf ERROR google/protobuf/text_format.cc:245] Error parsing text-format caffe.SolverParameter: 1:5: Message type "caffe.SolverParameter" has no field named "name".
F1008 19:52:38.605864  3109 io.hpp:50] Check failed: ReadProtoFromTextFile(filename, proto) 
*** Check failure stack trace: ***
    @     0x7f5504b93daa  (unknown)
    @     0x7f5504b93ce4  (unknown)
    @     0x7f5504b936e6  (unknown)
    @     0x7f5504b96687  (unknown)
    @           0x40bd91  train()
    @           0x409471  main
    @     0x7f55038b6ec5  (unknown)
    @           0x409c0b  (unknown)
    @              (nil)  (unknown)
[libprotobuf ERROR google/protobuf/text_format.cc:245] Error parsing text-format caffe.SolverParameter: 1:5: Message type "caffe.SolverParameter" has no field named "name".
F1008 19:52:38.680645  3113 io.hpp:50] Check failed: ReadProtoFromTextFile(filename, proto) 
*** Check failure stack trace: ***
    @     0x7f1878b33daa  (unknown)
    @     0x7f1878b33ce4  (unknown)
    @     0x7f1878b336e6  (unknown)
    @     0x7f1878b36687  (unknown)
    @           0x40bd91  train()
    @           0x409471  main
    @     0x7f1877856ec5  (unknown)
    @           0x409c0b  (unknown)
    @              (nil)  (unknown)
[libprotobuf ERROR google/protobuf/text_format.cc:245] Error parsing text-format caffe.SolverParameter: 1:5: Message type "caffe.SolverParameter" has no field named "name".
F1008 19:52:38.753490  3117 io.hpp:50] Check failed: ReadProtoFromTextFile(filename, proto) 
*** Check failure stack trace: ***
    @     0x7fc34c7f8daa  (unknown)
    @     0x7fc34c7f8ce4  (unknown)
    @     0x7fc34c7f86e6  (unknown)
    @     0x7fc34c7fb687  (unknown)
    @           0x40bd91  train()
    @           0x409471  main
    @     0x7fc34b51bec5  (unknown)
    @           0x409c0b  (unknown)
    @              (nil)  (unknown)
[libprotobuf ERROR google/protobuf/text_format.cc:245] Error parsing text-format caffe.SolverParameter: 1:5: Message type "caffe.SolverParameter" has no field named "name".
F1008 19:52:38.827757  3121 io.hpp:50] Check failed: ReadProtoFromTextFile(filename, proto) 
*** Check failure stack trace: ***
    @     0x7fc1a83aadaa  (unknown)
    @     0x7fc1a83aace4  (unknown)
    @     0x7fc1a83aa6e6  (unknown)
    @     0x7fc1a83ad687  (unknown)
    @           0x40bd91  train()
    @           0x409471  main
    @     0x7fc1a70cdec5  (unknown)
    @           0x409c0b  (unknown)
    @              (nil)  (unknown)
[libprotobuf ERROR google/protobuf/text_format.cc:245] Error parsing text-format caffe.SolverParameter: 1:5: Message type "caffe.SolverParameter" has no field named "name".
F1008 19:52:38.912333  3125 io.hpp:50] Check failed: ReadProtoFromTextFile(filename, proto) 
*** Check failure stack trace: ***
    @     0x7efe77c88daa  (unknown)
    @     0x7efe77c88ce4  (unknown)
    @     0x7efe77c886e6  (unknown)
    @     0x7efe77c8b687  (unknown)
    @           0x40bd91  train()
    @           0x409471  main
    @     0x7efe769abec5  (unknown)
    @           0x409c0b  (unknown)
    @              (nil)  (unknown)
[libprotobuf ERROR google/protobuf/text_format.cc:245] Error parsing text-format caffe.SolverParameter: 1:5: Message type "caffe.SolverParameter" has no field named "name".
F1008 19:52:38.988940  3129 io.hpp:50] Check failed: ReadProtoFromTextFile(filename, proto) 
*** Check failure stack trace: ***
    @     0x7ff5d327adaa  (unknown)
    @     0x7ff5d327ace4  (unknown)
    @     0x7ff5d327a6e6  (unknown)
    @     0x7ff5d327d687  (unknown)
    @           0x40bd91  train()
    @           0x409471  main
    @     0x7ff5d1f9dec5  (unknown)
    @           0x409c0b  (unknown)
    @              (nil)  (unknown)
[libprotobuf ERROR google/protobuf/text_format.cc:245] Error parsing text-format caffe.SolverParameter: 1:5: Message type "caffe.SolverParameter" has no field named "name".
F1008 19:52:39.062795  3133 io.hpp:50] Check failed: ReadProtoFromTextFile(filename, proto) 
*** Check failure stack trace: ***
    @     0x7f7782aecdaa  (unknown)
    @     0x7f7782aecce4  (unknown)
    @     0x7f7782aec6e6  (unknown)
    @     0x7f7782aef687  (unknown)
    @           0x40bd91  train()
    @           0x409471  main
    @     0x7f778180fec5  (unknown)
    @           0x409c0b  (unknown)
    @              (nil)  (unknown)
[libprotobuf ERROR google/protobuf/text_format.cc:245] Error parsing text-format caffe.SolverParameter: 1:5: Message type "caffe.SolverParameter" has no field named "name".
F1008 19:52:39.135936  3137 io.hpp:50] Check failed: ReadProtoFromTextFile(filename, proto) 
*** Check failure stack trace: ***
    @     0x7f121ce23daa  (unknown)
    @     0x7f121ce23ce4  (unknown)
    @     0x7f121ce236e6  (unknown)
    @     0x7f121ce26687  (unknown)
    @           0x40bd91  train()
    @           0x409471  main
    @     0x7f121bb46ec5  (unknown)
    @           0x409c0b  (unknown)
    @              (nil)  (unknown)
[libprotobuf ERROR google/protobuf/text_format.cc:245] Error parsing text-format caffe.SolverParameter: 1:5: Message type "caffe.SolverParameter" has no field named "name".
F1008 19:52:39.207782  3141 io.hpp:50] Check failed: ReadProtoFromTextFile(filename, proto) 
*** Check failure stack trace: ***
    @     0x7f212eb3fdaa  (unknown)
    @     0x7f212eb3fce4  (unknown)
    @     0x7f212eb3f6e6  (unknown)
    @     0x7f212eb42687  (unknown)
    @           0x40bd91  train()
    @           0x409471  main
    @     0x7f212d862ec5  (unknown)
    @           0x409c0b  (unknown)
    @              (nil)  (unknown)
[libprotobuf ERROR google/protobuf/text_format.cc:245] Error parsing text-format caffe.SolverParameter: 1:5: Message type "caffe.SolverParameter" has no field named "name".
F1008 19:52:39.279881  3145 io.hpp:50] Check failed: ReadProtoFromTextFile(filename, proto) 
*** Check failure stack trace: ***
    @     0x7f14cd011daa  (unknown)
    @     0x7f14cd011ce4  (unknown)
    @     0x7f14cd0116e6  (unknown)
    @     0x7f14cd014687  (unknown)
    @           0x40bd91  train()
    @           0x409471  main
    @     0x7f14cbd34ec5  (unknown)
    @           0x409c0b  (unknown)
    @              (nil)  (unknown)
[libprotobuf ERROR google/protobuf/text_format.cc:245] Error parsing text-format caffe.SolverParameter: 1:5: Message type "caffe.SolverParameter" has no field named "name".
F1008 19:52:39.351953  3149 io.hpp:50] Check failed: ReadProtoFromTextFile(filename, proto) 
*** Check failure stack trace: ***
    @     0x7f5ff9c4ddaa  (unknown)
    @     0x7f5ff9c4dce4  (unknown)
    @     0x7f5ff9c4d6e6  (unknown)
    @     0x7f5ff9c50687  (unknown)
    @           0x40bd91  train()
    @           0x409471  main
    @     0x7f5ff8970ec5  (unknown)
    @           0x409c0b  (unknown)
    @              (nil)  (unknown)
