I1005 14:42:36.467092 14457 caffe.cpp:184] Using GPUs 0
I1005 14:42:37.043180 14457 solver.cpp:54] Initializing solver from parameters: 
base_lr: 0.01
display: 100
max_iter: 10000
lr_policy: "fixed"
momentum: 0.9
solver_mode: GPU
device_id: 0
net: "basic/model0_full.prototxt"
I1005 14:42:37.043210 14457 solver.cpp:97] Creating training net from net file: basic/model0_full.prototxt
I1005 14:42:37.043378 14457 net.cpp:50] Initializing net from parameters: 
name: "basic/model0_full.prototxt"
state {
  phase: TRAIN
}
layer {
  name: "data_layer"
  type: "Data"
  top: "data_blob"
  top: "label_blob"
  data_param {
    source: "lmdb/SCOREDATA.vina.balanced.full"
    batch_size: 20000
    backend: LMDB
    prefetch: 8
  }
}
layer {
  name: "hidden_sum_layer"
  type: "InnerProduct"
  bottom: "data_blob"
  top: "hidden_sum_blob"
  inner_product_param {
    num_output: 10
    weight_filler {
      type: "xavier"
    }
    bias_filler {
      type: "constant"
    }
  }
}
layer {
  name: "hidden_act_layer"
  type: "Sigmoid"
  bottom: "hidden_sum_blob"
  top: "hidden_act_blob"
}
layer {
  name: "output_sum_layer"
  type: "InnerProduct"
  bottom: "hidden_act_blob"
  top: "output_sum_blob"
  inner_product_param {
    num_output: 1
    weight_filler {
      type: "xavier"
    }
    bias_filler {
      type: "constant"
    }
  }
}
layer {
  name: "output_act_layer"
  type: "Sigmoid"
  bottom: "output_sum_blob"
  top: "output_act_blob"
}
layer {
  name: "error_layer"
  type: "EuclideanLoss"
  bottom: "output_act_blob"
  bottom: "label_blob"
  top: "error_blob"
}
I1005 14:42:37.043417 14457 layer_factory.hpp:76] Creating layer data_layer
I1005 14:42:37.056728 14457 net.cpp:110] Creating Layer data_layer
I1005 14:42:37.056766 14457 net.cpp:433] data_layer -> data_blob
I1005 14:42:37.056789 14457 net.cpp:433] data_layer -> label_blob
I1005 14:42:37.057402 14461 db_lmdb.cpp:23] Opened lmdb lmdb/SCOREDATA.vina.balanced.full
I1005 14:42:37.741991 14457 data_layer.cpp:45] output data size: 20000,61,1,1
I1005 14:42:37.747001 14457 net.cpp:155] Setting up data_layer
I1005 14:42:37.747041 14457 net.cpp:163] Top shape: 20000 61 1 1 (1220000)
I1005 14:42:37.747046 14457 net.cpp:163] Top shape: 20000 (20000)
I1005 14:42:37.747052 14457 layer_factory.hpp:76] Creating layer hidden_sum_layer
I1005 14:42:37.747063 14457 net.cpp:110] Creating Layer hidden_sum_layer
I1005 14:42:37.747068 14457 net.cpp:477] hidden_sum_layer <- data_blob
I1005 14:42:37.747087 14457 net.cpp:433] hidden_sum_layer -> hidden_sum_blob
I1005 14:42:37.747460 14457 net.cpp:155] Setting up hidden_sum_layer
I1005 14:42:37.747467 14457 net.cpp:163] Top shape: 20000 10 (200000)
I1005 14:42:37.747489 14457 layer_factory.hpp:76] Creating layer hidden_act_layer
I1005 14:42:37.747509 14457 net.cpp:110] Creating Layer hidden_act_layer
I1005 14:42:37.747510 14457 net.cpp:477] hidden_act_layer <- hidden_sum_blob
I1005 14:42:37.747514 14457 net.cpp:433] hidden_act_layer -> hidden_act_blob
I1005 14:42:40.962313 14457 net.cpp:155] Setting up hidden_act_layer
I1005 14:42:40.962334 14457 net.cpp:163] Top shape: 20000 10 (200000)
I1005 14:42:40.962339 14457 layer_factory.hpp:76] Creating layer output_sum_layer
I1005 14:42:40.962349 14457 net.cpp:110] Creating Layer output_sum_layer
I1005 14:42:40.962352 14457 net.cpp:477] output_sum_layer <- hidden_act_blob
I1005 14:42:40.962357 14457 net.cpp:433] output_sum_layer -> output_sum_blob
I1005 14:42:40.962435 14457 net.cpp:155] Setting up output_sum_layer
I1005 14:42:40.962440 14457 net.cpp:163] Top shape: 20000 1 (20000)
I1005 14:42:40.962445 14457 layer_factory.hpp:76] Creating layer output_act_layer
I1005 14:42:40.962451 14457 net.cpp:110] Creating Layer output_act_layer
I1005 14:42:40.962453 14457 net.cpp:477] output_act_layer <- output_sum_blob
I1005 14:42:40.962455 14457 net.cpp:433] output_act_layer -> output_act_blob
I1005 14:42:40.962517 14457 net.cpp:155] Setting up output_act_layer
I1005 14:42:40.962520 14457 net.cpp:163] Top shape: 20000 1 (20000)
I1005 14:42:40.962522 14457 layer_factory.hpp:76] Creating layer error_layer
I1005 14:42:40.962527 14457 net.cpp:110] Creating Layer error_layer
I1005 14:42:40.962528 14457 net.cpp:477] error_layer <- output_act_blob
I1005 14:42:40.962546 14457 net.cpp:477] error_layer <- label_blob
I1005 14:42:40.962550 14457 net.cpp:433] error_layer -> error_blob
I1005 14:42:40.962574 14457 net.cpp:155] Setting up error_layer
I1005 14:42:40.962577 14457 net.cpp:163] Top shape: (1)
I1005 14:42:40.962579 14457 net.cpp:168]     with loss weight 1
I1005 14:42:40.962594 14457 net.cpp:236] error_layer needs backward computation.
I1005 14:42:40.962595 14457 net.cpp:236] output_act_layer needs backward computation.
I1005 14:42:40.962597 14457 net.cpp:236] output_sum_layer needs backward computation.
I1005 14:42:40.962599 14457 net.cpp:236] hidden_act_layer needs backward computation.
I1005 14:42:40.962601 14457 net.cpp:236] hidden_sum_layer needs backward computation.
I1005 14:42:40.962604 14457 net.cpp:240] data_layer does not need backward computation.
I1005 14:42:40.962604 14457 net.cpp:283] This network produces output error_blob
I1005 14:42:40.962610 14457 net.cpp:297] Network initialization done.
I1005 14:42:40.962611 14457 net.cpp:298] Memory required for data: 6720004
I1005 14:42:40.962631 14457 solver.cpp:66] Solver scaffolding done.
I1005 14:42:40.962710 14457 caffe.cpp:212] Starting Optimization
I1005 14:42:40.962716 14457 solver.cpp:294] Solving basic/model0_full.prototxt
I1005 14:42:40.962718 14457 solver.cpp:295] Learning Rate Policy: fixed
I1005 14:42:40.964062 14457 solver.cpp:243] Iteration 0, loss = 0.136553
I1005 14:42:40.964076 14457 solver.cpp:259]     Train net output #0: error_blob = 0.136553 (* 1 = 0.136553 loss)
I1005 14:42:40.964082 14457 solver.cpp:590] Iteration 0, lr = 0.01
I1005 14:42:40.966333 14457 blocking_queue.cpp:50] Data layer prefetch queue empty
I1005 14:42:43.423077 14457 solver.cpp:243] Iteration 100, loss = 0.124997
I1005 14:42:43.423108 14457 solver.cpp:259]     Train net output #0: error_blob = 0.124997 (* 1 = 0.124997 loss)
I1005 14:42:43.423113 14457 solver.cpp:590] Iteration 100, lr = 0.01
I1005 14:42:45.910614 14457 solver.cpp:243] Iteration 200, loss = 0.124996
I1005 14:42:45.910660 14457 solver.cpp:259]     Train net output #0: error_blob = 0.124996 (* 1 = 0.124996 loss)
I1005 14:42:45.910668 14457 solver.cpp:590] Iteration 200, lr = 0.01
I1005 14:42:48.473743 14457 solver.cpp:243] Iteration 300, loss = 0.124996
I1005 14:42:48.473785 14457 solver.cpp:259]     Train net output #0: error_blob = 0.124996 (* 1 = 0.124996 loss)
I1005 14:42:48.473793 14457 solver.cpp:590] Iteration 300, lr = 0.01
I1005 14:42:51.033116 14457 solver.cpp:243] Iteration 400, loss = 0.124991
I1005 14:42:51.033154 14457 solver.cpp:259]     Train net output #0: error_blob = 0.124991 (* 1 = 0.124991 loss)
I1005 14:42:51.033162 14457 solver.cpp:590] Iteration 400, lr = 0.01
I1005 14:42:53.569970 14457 solver.cpp:243] Iteration 500, loss = 0.124998
I1005 14:42:53.570013 14457 solver.cpp:259]     Train net output #0: error_blob = 0.124998 (* 1 = 0.124998 loss)
I1005 14:42:53.570019 14457 solver.cpp:590] Iteration 500, lr = 0.01
I1005 14:42:56.054383 14457 solver.cpp:243] Iteration 600, loss = 0.124995
I1005 14:42:56.054424 14457 solver.cpp:259]     Train net output #0: error_blob = 0.124995 (* 1 = 0.124995 loss)
I1005 14:42:56.054431 14457 solver.cpp:590] Iteration 600, lr = 0.01
I1005 14:42:58.518751 14457 solver.cpp:243] Iteration 700, loss = 0.124996
I1005 14:42:58.518801 14457 solver.cpp:259]     Train net output #0: error_blob = 0.124996 (* 1 = 0.124996 loss)
I1005 14:42:58.518808 14457 solver.cpp:590] Iteration 700, lr = 0.01
I1005 14:43:01.009624 14457 solver.cpp:243] Iteration 800, loss = 0.124995
I1005 14:43:01.009675 14457 solver.cpp:259]     Train net output #0: error_blob = 0.124995 (* 1 = 0.124995 loss)
I1005 14:43:01.009683 14457 solver.cpp:590] Iteration 800, lr = 0.01
I1005 14:43:03.518134 14457 solver.cpp:243] Iteration 900, loss = 0.124995
I1005 14:43:03.518165 14457 solver.cpp:259]     Train net output #0: error_blob = 0.124995 (* 1 = 0.124995 loss)
I1005 14:43:03.518172 14457 solver.cpp:590] Iteration 900, lr = 0.01
I1005 14:43:06.041812 14457 solver.cpp:243] Iteration 1000, loss = 0.125012
I1005 14:43:06.043071 14457 solver.cpp:259]     Train net output #0: error_blob = 0.125012 (* 1 = 0.125012 loss)
I1005 14:43:06.043090 14457 solver.cpp:590] Iteration 1000, lr = 0.01
I1005 14:43:06.089994 14457 blocking_queue.cpp:50] Data layer prefetch queue empty
I1005 14:43:08.551663 14457 solver.cpp:243] Iteration 1100, loss = 0.124993
I1005 14:43:08.551741 14457 solver.cpp:259]     Train net output #0: error_blob = 0.124993 (* 1 = 0.124993 loss)
I1005 14:43:08.551748 14457 solver.cpp:590] Iteration 1100, lr = 0.01
I1005 14:43:11.044240 14457 solver.cpp:243] Iteration 1200, loss = 0.124995
I1005 14:43:11.044283 14457 solver.cpp:259]     Train net output #0: error_blob = 0.124995 (* 1 = 0.124995 loss)
I1005 14:43:11.044289 14457 solver.cpp:590] Iteration 1200, lr = 0.01
I1005 14:43:13.538414 14457 solver.cpp:243] Iteration 1300, loss = 0.124996
I1005 14:43:13.538446 14457 solver.cpp:259]     Train net output #0: error_blob = 0.124996 (* 1 = 0.124996 loss)
I1005 14:43:13.538452 14457 solver.cpp:590] Iteration 1300, lr = 0.01
I1005 14:43:16.049643 14457 solver.cpp:243] Iteration 1400, loss = 0.124995
I1005 14:43:16.049686 14457 solver.cpp:259]     Train net output #0: error_blob = 0.124995 (* 1 = 0.124995 loss)
I1005 14:43:16.049691 14457 solver.cpp:590] Iteration 1400, lr = 0.01
I1005 14:43:18.571472 14457 solver.cpp:243] Iteration 1500, loss = 0.124995
I1005 14:43:18.571516 14457 solver.cpp:259]     Train net output #0: error_blob = 0.124995 (* 1 = 0.124995 loss)
I1005 14:43:18.571521 14457 solver.cpp:590] Iteration 1500, lr = 0.01
I1005 14:43:21.055905 14457 solver.cpp:243] Iteration 1600, loss = 0.124995
I1005 14:43:21.055948 14457 solver.cpp:259]     Train net output #0: error_blob = 0.124995 (* 1 = 0.124995 loss)
I1005 14:43:21.055953 14457 solver.cpp:590] Iteration 1600, lr = 0.01
I1005 14:43:23.554982 14457 solver.cpp:243] Iteration 1700, loss = 0.124996
I1005 14:43:23.555014 14457 solver.cpp:259]     Train net output #0: error_blob = 0.124996 (* 1 = 0.124996 loss)
I1005 14:43:23.555021 14457 solver.cpp:590] Iteration 1700, lr = 0.01
I1005 14:43:26.050490 14457 solver.cpp:243] Iteration 1800, loss = 0.12499
I1005 14:43:26.050532 14457 solver.cpp:259]     Train net output #0: error_blob = 0.12499 (* 1 = 0.12499 loss)
I1005 14:43:26.050537 14457 solver.cpp:590] Iteration 1800, lr = 0.01
I1005 14:43:28.555461 14457 solver.cpp:243] Iteration 1900, loss = 0.124977
I1005 14:43:28.555493 14457 solver.cpp:259]     Train net output #0: error_blob = 0.124977 (* 1 = 0.124977 loss)
I1005 14:43:28.555498 14457 solver.cpp:590] Iteration 1900, lr = 0.01
I1005 14:43:31.031589 14457 solver.cpp:243] Iteration 2000, loss = 0.124965
I1005 14:43:31.031631 14457 solver.cpp:259]     Train net output #0: error_blob = 0.124965 (* 1 = 0.124965 loss)
I1005 14:43:31.031637 14457 solver.cpp:590] Iteration 2000, lr = 0.01
I1005 14:43:31.078843 14457 blocking_queue.cpp:50] Data layer prefetch queue empty
I1005 14:43:33.520620 14457 solver.cpp:243] Iteration 2100, loss = 0.124958
I1005 14:43:33.520650 14457 solver.cpp:259]     Train net output #0: error_blob = 0.124958 (* 1 = 0.124958 loss)
I1005 14:43:33.520655 14457 solver.cpp:590] Iteration 2100, lr = 0.01
I1005 14:43:36.046746 14457 solver.cpp:243] Iteration 2200, loss = 0.124953
I1005 14:43:36.046775 14457 solver.cpp:259]     Train net output #0: error_blob = 0.124953 (* 1 = 0.124953 loss)
I1005 14:43:36.046782 14457 solver.cpp:590] Iteration 2200, lr = 0.01
I1005 14:43:38.526048 14457 solver.cpp:243] Iteration 2300, loss = 0.125002
I1005 14:43:38.526082 14457 solver.cpp:259]     Train net output #0: error_blob = 0.125002 (* 1 = 0.125002 loss)
I1005 14:43:38.526087 14457 solver.cpp:590] Iteration 2300, lr = 0.01
I1005 14:43:40.985357 14457 solver.cpp:243] Iteration 2400, loss = 0.124995
I1005 14:43:40.985426 14457 solver.cpp:259]     Train net output #0: error_blob = 0.124995 (* 1 = 0.124995 loss)
I1005 14:43:40.985432 14457 solver.cpp:590] Iteration 2400, lr = 0.01
I1005 14:43:43.483357 14457 solver.cpp:243] Iteration 2500, loss = 0.124997
I1005 14:43:43.483391 14457 solver.cpp:259]     Train net output #0: error_blob = 0.124997 (* 1 = 0.124997 loss)
I1005 14:43:43.483396 14457 solver.cpp:590] Iteration 2500, lr = 0.01
I1005 14:43:45.925640 14457 solver.cpp:243] Iteration 2600, loss = 0.124987
I1005 14:43:45.925681 14457 solver.cpp:259]     Train net output #0: error_blob = 0.124987 (* 1 = 0.124987 loss)
I1005 14:43:45.925686 14457 solver.cpp:590] Iteration 2600, lr = 0.01
I1005 14:43:48.420408 14457 solver.cpp:243] Iteration 2700, loss = 0.124994
I1005 14:43:48.420439 14457 solver.cpp:259]     Train net output #0: error_blob = 0.124994 (* 1 = 0.124994 loss)
I1005 14:43:48.420445 14457 solver.cpp:590] Iteration 2700, lr = 0.01
I1005 14:43:50.889751 14457 solver.cpp:243] Iteration 2800, loss = 0.124991
I1005 14:43:50.889793 14457 solver.cpp:259]     Train net output #0: error_blob = 0.124991 (* 1 = 0.124991 loss)
I1005 14:43:50.889798 14457 solver.cpp:590] Iteration 2800, lr = 0.01
I1005 14:43:53.358736 14457 solver.cpp:243] Iteration 2900, loss = 0.124989
I1005 14:43:53.358767 14457 solver.cpp:259]     Train net output #0: error_blob = 0.124989 (* 1 = 0.124989 loss)
I1005 14:43:53.358772 14457 solver.cpp:590] Iteration 2900, lr = 0.01
I1005 14:43:55.844414 14457 solver.cpp:243] Iteration 3000, loss = 0.124885
I1005 14:43:55.844457 14457 solver.cpp:259]     Train net output #0: error_blob = 0.124885 (* 1 = 0.124885 loss)
I1005 14:43:55.844463 14457 solver.cpp:590] Iteration 3000, lr = 0.01
I1005 14:43:55.892280 14457 blocking_queue.cpp:50] Data layer prefetch queue empty
I1005 14:43:58.347874 14457 solver.cpp:243] Iteration 3100, loss = 0.12486
I1005 14:43:58.347918 14457 solver.cpp:259]     Train net output #0: error_blob = 0.12486 (* 1 = 0.12486 loss)
I1005 14:43:58.347923 14457 solver.cpp:590] Iteration 3100, lr = 0.01
I1005 14:44:00.842653 14457 solver.cpp:243] Iteration 3200, loss = 0.124854
I1005 14:44:00.842686 14457 solver.cpp:259]     Train net output #0: error_blob = 0.124854 (* 1 = 0.124854 loss)
I1005 14:44:00.842692 14457 solver.cpp:590] Iteration 3200, lr = 0.01
I1005 14:44:03.338887 14457 solver.cpp:243] Iteration 3300, loss = 0.124855
I1005 14:44:03.338917 14457 solver.cpp:259]     Train net output #0: error_blob = 0.124855 (* 1 = 0.124855 loss)
I1005 14:44:03.338923 14457 solver.cpp:590] Iteration 3300, lr = 0.01
I1005 14:44:05.855978 14457 solver.cpp:243] Iteration 3400, loss = 0.124855
I1005 14:44:05.856010 14457 solver.cpp:259]     Train net output #0: error_blob = 0.124855 (* 1 = 0.124855 loss)
I1005 14:44:05.856015 14457 solver.cpp:590] Iteration 3400, lr = 0.01
I1005 14:44:08.374142 14457 solver.cpp:243] Iteration 3500, loss = 0.124847
I1005 14:44:08.374173 14457 solver.cpp:259]     Train net output #0: error_blob = 0.124847 (* 1 = 0.124847 loss)
I1005 14:44:08.374179 14457 solver.cpp:590] Iteration 3500, lr = 0.01
I1005 14:44:10.882609 14457 solver.cpp:243] Iteration 3600, loss = 0.125004
I1005 14:44:10.882652 14457 solver.cpp:259]     Train net output #0: error_blob = 0.125004 (* 1 = 0.125004 loss)
I1005 14:44:10.882657 14457 solver.cpp:590] Iteration 3600, lr = 0.01
I1005 14:44:13.399011 14457 solver.cpp:243] Iteration 3700, loss = 0.124999
I1005 14:44:13.399157 14457 solver.cpp:259]     Train net output #0: error_blob = 0.124999 (* 1 = 0.124999 loss)
I1005 14:44:13.399164 14457 solver.cpp:590] Iteration 3700, lr = 0.01
I1005 14:44:15.919548 14457 solver.cpp:243] Iteration 3800, loss = 0.125012
I1005 14:44:15.919581 14457 solver.cpp:259]     Train net output #0: error_blob = 0.125012 (* 1 = 0.125012 loss)
I1005 14:44:15.919587 14457 solver.cpp:590] Iteration 3800, lr = 0.01
I1005 14:44:18.436637 14457 solver.cpp:243] Iteration 3900, loss = 0.124995
I1005 14:44:18.436667 14457 solver.cpp:259]     Train net output #0: error_blob = 0.124995 (* 1 = 0.124995 loss)
I1005 14:44:18.436673 14457 solver.cpp:590] Iteration 3900, lr = 0.01
I1005 14:44:20.913081 14457 solver.cpp:243] Iteration 4000, loss = 0.125
I1005 14:44:20.913112 14457 solver.cpp:259]     Train net output #0: error_blob = 0.125 (* 1 = 0.125 loss)
I1005 14:44:20.913117 14457 solver.cpp:590] Iteration 4000, lr = 0.01
I1005 14:44:20.963124 14457 blocking_queue.cpp:50] Data layer prefetch queue empty
I1005 14:44:23.426977 14457 solver.cpp:243] Iteration 4100, loss = 0.125001
I1005 14:44:23.427011 14457 solver.cpp:259]     Train net output #0: error_blob = 0.125001 (* 1 = 0.125001 loss)
I1005 14:44:23.427016 14457 solver.cpp:590] Iteration 4100, lr = 0.01
I1005 14:44:25.961634 14457 solver.cpp:243] Iteration 4200, loss = 0.124459
I1005 14:44:25.961668 14457 solver.cpp:259]     Train net output #0: error_blob = 0.124459 (* 1 = 0.124459 loss)
I1005 14:44:25.961678 14457 solver.cpp:590] Iteration 4200, lr = 0.01
I1005 14:44:28.447616 14457 solver.cpp:243] Iteration 4300, loss = 0.124801
I1005 14:44:28.447649 14457 solver.cpp:259]     Train net output #0: error_blob = 0.124801 (* 1 = 0.124801 loss)
I1005 14:44:28.447657 14457 solver.cpp:590] Iteration 4300, lr = 0.01
I1005 14:44:30.980829 14457 solver.cpp:243] Iteration 4400, loss = 0.124792
I1005 14:44:30.980861 14457 solver.cpp:259]     Train net output #0: error_blob = 0.124792 (* 1 = 0.124792 loss)
I1005 14:44:30.980868 14457 solver.cpp:590] Iteration 4400, lr = 0.01
I1005 14:44:33.482211 14457 solver.cpp:243] Iteration 4500, loss = 0.124774
I1005 14:44:33.482244 14457 solver.cpp:259]     Train net output #0: error_blob = 0.124774 (* 1 = 0.124774 loss)
I1005 14:44:33.482251 14457 solver.cpp:590] Iteration 4500, lr = 0.01
I1005 14:44:35.980450 14457 solver.cpp:243] Iteration 4600, loss = 0.124744
I1005 14:44:35.980484 14457 solver.cpp:259]     Train net output #0: error_blob = 0.124744 (* 1 = 0.124744 loss)
I1005 14:44:35.980504 14457 solver.cpp:590] Iteration 4600, lr = 0.01
I1005 14:44:38.455996 14457 solver.cpp:243] Iteration 4700, loss = 0.124727
I1005 14:44:38.456029 14457 solver.cpp:259]     Train net output #0: error_blob = 0.124727 (* 1 = 0.124727 loss)
I1005 14:44:38.456037 14457 solver.cpp:590] Iteration 4700, lr = 0.01
I1005 14:44:40.905073 14457 solver.cpp:243] Iteration 4800, loss = 0.124747
I1005 14:44:40.905107 14457 solver.cpp:259]     Train net output #0: error_blob = 0.124747 (* 1 = 0.124747 loss)
I1005 14:44:40.905113 14457 solver.cpp:590] Iteration 4800, lr = 0.01
I1005 14:44:43.434449 14457 solver.cpp:243] Iteration 4900, loss = 0.125005
I1005 14:44:43.434561 14457 solver.cpp:259]     Train net output #0: error_blob = 0.125005 (* 1 = 0.125005 loss)
I1005 14:44:43.434567 14457 solver.cpp:590] Iteration 4900, lr = 0.01
I1005 14:44:45.925060 14457 solver.cpp:243] Iteration 5000, loss = 0.125021
I1005 14:44:45.925101 14457 solver.cpp:259]     Train net output #0: error_blob = 0.125021 (* 1 = 0.125021 loss)
I1005 14:44:45.925107 14457 solver.cpp:590] Iteration 5000, lr = 0.01
I1005 14:44:45.975711 14457 blocking_queue.cpp:50] Data layer prefetch queue empty
I1005 14:44:48.415395 14457 solver.cpp:243] Iteration 5100, loss = 0.125042
I1005 14:44:48.415428 14457 solver.cpp:259]     Train net output #0: error_blob = 0.125042 (* 1 = 0.125042 loss)
I1005 14:44:48.415434 14457 solver.cpp:590] Iteration 5100, lr = 0.01
I1005 14:44:50.899102 14457 solver.cpp:243] Iteration 5200, loss = 0.12503
I1005 14:44:50.899133 14457 solver.cpp:259]     Train net output #0: error_blob = 0.12503 (* 1 = 0.12503 loss)
I1005 14:44:50.899139 14457 solver.cpp:590] Iteration 5200, lr = 0.01
I1005 14:44:53.457274 14457 solver.cpp:243] Iteration 5300, loss = 0.124988
I1005 14:44:53.457315 14457 solver.cpp:259]     Train net output #0: error_blob = 0.124988 (* 1 = 0.124988 loss)
I1005 14:44:53.457321 14457 solver.cpp:590] Iteration 5300, lr = 0.01
I1005 14:44:55.961843 14457 solver.cpp:243] Iteration 5400, loss = 0.125
I1005 14:44:55.961884 14457 solver.cpp:259]     Train net output #0: error_blob = 0.125 (* 1 = 0.125 loss)
I1005 14:44:55.961890 14457 solver.cpp:590] Iteration 5400, lr = 0.01
I1005 14:44:58.463289 14457 solver.cpp:243] Iteration 5500, loss = 0.124673
I1005 14:44:58.463320 14457 solver.cpp:259]     Train net output #0: error_blob = 0.124673 (* 1 = 0.124673 loss)
I1005 14:44:58.463325 14457 solver.cpp:590] Iteration 5500, lr = 0.01
I1005 14:45:00.939158 14457 solver.cpp:243] Iteration 5600, loss = 0.124638
I1005 14:45:00.939193 14457 solver.cpp:259]     Train net output #0: error_blob = 0.124638 (* 1 = 0.124638 loss)
I1005 14:45:00.939198 14457 solver.cpp:590] Iteration 5600, lr = 0.01
I1005 14:45:03.433708 14457 solver.cpp:243] Iteration 5700, loss = 0.124638
I1005 14:45:03.433750 14457 solver.cpp:259]     Train net output #0: error_blob = 0.124638 (* 1 = 0.124638 loss)
I1005 14:45:03.433756 14457 solver.cpp:590] Iteration 5700, lr = 0.01
I1005 14:45:05.909099 14457 solver.cpp:243] Iteration 5800, loss = 0.124682
I1005 14:45:05.909142 14457 solver.cpp:259]     Train net output #0: error_blob = 0.124682 (* 1 = 0.124682 loss)
I1005 14:45:05.909147 14457 solver.cpp:590] Iteration 5800, lr = 0.01
I1005 14:45:08.414892 14457 solver.cpp:243] Iteration 5900, loss = 0.124669
I1005 14:45:08.414927 14457 solver.cpp:259]     Train net output #0: error_blob = 0.124669 (* 1 = 0.124669 loss)
I1005 14:45:08.414933 14457 solver.cpp:590] Iteration 5900, lr = 0.01
I1005 14:45:10.910599 14457 solver.cpp:243] Iteration 6000, loss = 0.124642
I1005 14:45:10.910641 14457 solver.cpp:259]     Train net output #0: error_blob = 0.124642 (* 1 = 0.124642 loss)
I1005 14:45:10.910647 14457 solver.cpp:590] Iteration 6000, lr = 0.01
I1005 14:45:10.958485 14457 blocking_queue.cpp:50] Data layer prefetch queue empty
I1005 14:45:13.403992 14457 solver.cpp:243] Iteration 6100, loss = 0.12523
I1005 14:45:13.404026 14457 solver.cpp:259]     Train net output #0: error_blob = 0.12523 (* 1 = 0.12523 loss)
I1005 14:45:13.404032 14457 solver.cpp:590] Iteration 6100, lr = 0.01
I1005 14:45:15.904907 14457 solver.cpp:243] Iteration 6200, loss = 0.125011
I1005 14:45:15.905910 14457 solver.cpp:259]     Train net output #0: error_blob = 0.125011 (* 1 = 0.125011 loss)
I1005 14:45:15.905930 14457 solver.cpp:590] Iteration 6200, lr = 0.01
I1005 14:45:18.386204 14457 solver.cpp:243] Iteration 6300, loss = 0.125009
I1005 14:45:18.386235 14457 solver.cpp:259]     Train net output #0: error_blob = 0.125009 (* 1 = 0.125009 loss)
I1005 14:45:18.386241 14457 solver.cpp:590] Iteration 6300, lr = 0.01
I1005 14:45:20.867879 14457 solver.cpp:243] Iteration 6400, loss = 0.124982
I1005 14:45:20.867913 14457 solver.cpp:259]     Train net output #0: error_blob = 0.124982 (* 1 = 0.124982 loss)
I1005 14:45:20.867918 14457 solver.cpp:590] Iteration 6400, lr = 0.01
I1005 14:45:23.381115 14457 solver.cpp:243] Iteration 6500, loss = 0.125
I1005 14:45:23.381146 14457 solver.cpp:259]     Train net output #0: error_blob = 0.125 (* 1 = 0.125 loss)
I1005 14:45:23.381151 14457 solver.cpp:590] Iteration 6500, lr = 0.01
I1005 14:45:25.889884 14457 solver.cpp:243] Iteration 6600, loss = 0.124978
I1005 14:45:25.889920 14457 solver.cpp:259]     Train net output #0: error_blob = 0.124978 (* 1 = 0.124978 loss)
I1005 14:45:25.889927 14457 solver.cpp:590] Iteration 6600, lr = 0.01
I1005 14:45:28.395293 14457 solver.cpp:243] Iteration 6700, loss = 0.124975
I1005 14:45:28.395323 14457 solver.cpp:259]     Train net output #0: error_blob = 0.124975 (* 1 = 0.124975 loss)
I1005 14:45:28.395328 14457 solver.cpp:590] Iteration 6700, lr = 0.01
I1005 14:45:30.894368 14457 solver.cpp:243] Iteration 6800, loss = 0.124624
I1005 14:45:30.894400 14457 solver.cpp:259]     Train net output #0: error_blob = 0.124624 (* 1 = 0.124624 loss)
I1005 14:45:30.894407 14457 solver.cpp:590] Iteration 6800, lr = 0.01
I1005 14:45:33.401103 14457 solver.cpp:243] Iteration 6900, loss = 0.124597
I1005 14:45:33.401131 14457 solver.cpp:259]     Train net output #0: error_blob = 0.124597 (* 1 = 0.124597 loss)
I1005 14:45:33.401137 14457 solver.cpp:590] Iteration 6900, lr = 0.01
I1005 14:45:35.893540 14457 solver.cpp:243] Iteration 7000, loss = 0.124586
I1005 14:45:35.893573 14457 solver.cpp:259]     Train net output #0: error_blob = 0.124586 (* 1 = 0.124586 loss)
I1005 14:45:35.893579 14457 solver.cpp:590] Iteration 7000, lr = 0.01
I1005 14:45:35.944509 14457 blocking_queue.cpp:50] Data layer prefetch queue empty
I1005 14:45:38.385495 14457 solver.cpp:243] Iteration 7100, loss = 0.124615
I1005 14:45:38.385529 14457 solver.cpp:259]     Train net output #0: error_blob = 0.124615 (* 1 = 0.124615 loss)
I1005 14:45:38.385536 14457 solver.cpp:590] Iteration 7100, lr = 0.01
I1005 14:45:40.861449 14457 solver.cpp:243] Iteration 7200, loss = 0.12461
I1005 14:45:40.861482 14457 solver.cpp:259]     Train net output #0: error_blob = 0.12461 (* 1 = 0.12461 loss)
I1005 14:45:40.861490 14457 solver.cpp:590] Iteration 7200, lr = 0.01
I1005 14:45:43.388782 14457 solver.cpp:243] Iteration 7300, loss = 0.124593
I1005 14:45:43.388813 14457 solver.cpp:259]     Train net output #0: error_blob = 0.124593 (* 1 = 0.124593 loss)
I1005 14:45:43.388818 14457 solver.cpp:590] Iteration 7300, lr = 0.01
I1005 14:45:45.878358 14457 solver.cpp:243] Iteration 7400, loss = 0.125018
I1005 14:45:45.878389 14457 solver.cpp:259]     Train net output #0: error_blob = 0.125018 (* 1 = 0.125018 loss)
I1005 14:45:45.878396 14457 solver.cpp:590] Iteration 7400, lr = 0.01
I1005 14:45:48.414023 14457 solver.cpp:243] Iteration 7500, loss = 0.12501
I1005 14:45:48.414162 14457 solver.cpp:259]     Train net output #0: error_blob = 0.12501 (* 1 = 0.12501 loss)
I1005 14:45:48.414170 14457 solver.cpp:590] Iteration 7500, lr = 0.01
I1005 14:45:50.934711 14457 solver.cpp:243] Iteration 7600, loss = 0.125045
I1005 14:45:50.934744 14457 solver.cpp:259]     Train net output #0: error_blob = 0.125045 (* 1 = 0.125045 loss)
I1005 14:45:50.934751 14457 solver.cpp:590] Iteration 7600, lr = 0.01
I1005 14:45:53.422631 14457 solver.cpp:243] Iteration 7700, loss = 0.124998
I1005 14:45:53.422665 14457 solver.cpp:259]     Train net output #0: error_blob = 0.124998 (* 1 = 0.124998 loss)
I1005 14:45:53.422673 14457 solver.cpp:590] Iteration 7700, lr = 0.01
I1005 14:45:55.898543 14457 solver.cpp:243] Iteration 7800, loss = 0.124995
I1005 14:45:55.898576 14457 solver.cpp:259]     Train net output #0: error_blob = 0.124995 (* 1 = 0.124995 loss)
I1005 14:45:55.898581 14457 solver.cpp:590] Iteration 7800, lr = 0.01
I1005 14:45:58.384299 14457 solver.cpp:243] Iteration 7900, loss = 0.124977
I1005 14:45:58.384330 14457 solver.cpp:259]     Train net output #0: error_blob = 0.124977 (* 1 = 0.124977 loss)
I1005 14:45:58.384336 14457 solver.cpp:590] Iteration 7900, lr = 0.01
I1005 14:46:00.877539 14457 solver.cpp:243] Iteration 8000, loss = 0.12441
I1005 14:46:00.877573 14457 solver.cpp:259]     Train net output #0: error_blob = 0.12441 (* 1 = 0.12441 loss)
I1005 14:46:00.877578 14457 solver.cpp:590] Iteration 8000, lr = 0.01
I1005 14:46:00.928146 14457 blocking_queue.cpp:50] Data layer prefetch queue empty
I1005 14:46:03.396939 14457 solver.cpp:243] Iteration 8100, loss = 0.124589
I1005 14:46:03.396981 14457 solver.cpp:259]     Train net output #0: error_blob = 0.124589 (* 1 = 0.124589 loss)
I1005 14:46:03.396986 14457 solver.cpp:590] Iteration 8100, lr = 0.01
I1005 14:46:05.904180 14457 solver.cpp:243] Iteration 8200, loss = 0.124565
I1005 14:46:05.904209 14457 solver.cpp:259]     Train net output #0: error_blob = 0.124565 (* 1 = 0.124565 loss)
I1005 14:46:05.904216 14457 solver.cpp:590] Iteration 8200, lr = 0.01
I1005 14:46:08.368654 14457 solver.cpp:243] Iteration 8300, loss = 0.124588
I1005 14:46:08.368687 14457 solver.cpp:259]     Train net output #0: error_blob = 0.124588 (* 1 = 0.124588 loss)
I1005 14:46:08.368695 14457 solver.cpp:590] Iteration 8300, lr = 0.01
I1005 14:46:10.864807 14457 solver.cpp:243] Iteration 8400, loss = 0.124591
I1005 14:46:10.864838 14457 solver.cpp:259]     Train net output #0: error_blob = 0.124591 (* 1 = 0.124591 loss)
I1005 14:46:10.864847 14457 solver.cpp:590] Iteration 8400, lr = 0.01
I1005 14:46:13.358328 14457 solver.cpp:243] Iteration 8500, loss = 0.12459
I1005 14:46:13.358360 14457 solver.cpp:259]     Train net output #0: error_blob = 0.12459 (* 1 = 0.12459 loss)
I1005 14:46:13.358367 14457 solver.cpp:590] Iteration 8500, lr = 0.01
I1005 14:46:15.882627 14457 solver.cpp:243] Iteration 8600, loss = 0.124602
I1005 14:46:15.882661 14457 solver.cpp:259]     Train net output #0: error_blob = 0.124602 (* 1 = 0.124602 loss)
I1005 14:46:15.882668 14457 solver.cpp:590] Iteration 8600, lr = 0.01
I1005 14:46:18.357930 14457 solver.cpp:243] Iteration 8700, loss = 0.125012
I1005 14:46:18.357962 14457 solver.cpp:259]     Train net output #0: error_blob = 0.125012 (* 1 = 0.125012 loss)
I1005 14:46:18.357969 14457 solver.cpp:590] Iteration 8700, lr = 0.01
I1005 14:46:20.892871 14457 solver.cpp:243] Iteration 8800, loss = 0.125029
I1005 14:46:20.892989 14457 solver.cpp:259]     Train net output #0: error_blob = 0.125029 (* 1 = 0.125029 loss)
I1005 14:46:20.892997 14457 solver.cpp:590] Iteration 8800, lr = 0.01
I1005 14:46:23.401650 14457 solver.cpp:243] Iteration 8900, loss = 0.125038
I1005 14:46:23.401684 14457 solver.cpp:259]     Train net output #0: error_blob = 0.125038 (* 1 = 0.125038 loss)
I1005 14:46:23.401690 14457 solver.cpp:590] Iteration 8900, lr = 0.01
I1005 14:46:25.906999 14457 solver.cpp:243] Iteration 9000, loss = 0.124987
I1005 14:46:25.907042 14457 solver.cpp:259]     Train net output #0: error_blob = 0.124987 (* 1 = 0.124987 loss)
I1005 14:46:25.907047 14457 solver.cpp:590] Iteration 9000, lr = 0.01
I1005 14:46:25.956698 14457 blocking_queue.cpp:50] Data layer prefetch queue empty
I1005 14:46:28.420521 14457 solver.cpp:243] Iteration 9100, loss = 0.124996
I1005 14:46:28.420560 14457 solver.cpp:259]     Train net output #0: error_blob = 0.124996 (* 1 = 0.124996 loss)
I1005 14:46:28.420567 14457 solver.cpp:590] Iteration 9100, lr = 0.01
I1005 14:46:30.939622 14457 solver.cpp:243] Iteration 9200, loss = 0.124991
I1005 14:46:30.939656 14457 solver.cpp:259]     Train net output #0: error_blob = 0.124991 (* 1 = 0.124991 loss)
I1005 14:46:30.939661 14457 solver.cpp:590] Iteration 9200, lr = 0.01
I1005 14:46:33.416046 14457 solver.cpp:243] Iteration 9300, loss = 0.124559
I1005 14:46:33.416079 14457 solver.cpp:259]     Train net output #0: error_blob = 0.124559 (* 1 = 0.124559 loss)
I1005 14:46:33.416084 14457 solver.cpp:590] Iteration 9300, lr = 0.01
I1005 14:46:35.958570 14457 solver.cpp:243] Iteration 9400, loss = 0.124559
I1005 14:46:35.958600 14457 solver.cpp:259]     Train net output #0: error_blob = 0.124559 (* 1 = 0.124559 loss)
I1005 14:46:35.958606 14457 solver.cpp:590] Iteration 9400, lr = 0.01
I1005 14:46:38.459014 14457 solver.cpp:243] Iteration 9500, loss = 0.124527
I1005 14:46:38.459045 14457 solver.cpp:259]     Train net output #0: error_blob = 0.124527 (* 1 = 0.124527 loss)
I1005 14:46:38.459051 14457 solver.cpp:590] Iteration 9500, lr = 0.01
I1005 14:46:40.960661 14457 solver.cpp:243] Iteration 9600, loss = 0.124613
I1005 14:46:40.960692 14457 solver.cpp:259]     Train net output #0: error_blob = 0.124613 (* 1 = 0.124613 loss)
I1005 14:46:40.960698 14457 solver.cpp:590] Iteration 9600, lr = 0.01
I1005 14:46:43.500723 14457 solver.cpp:243] Iteration 9700, loss = 0.12457
I1005 14:46:43.500753 14457 solver.cpp:259]     Train net output #0: error_blob = 0.12457 (* 1 = 0.12457 loss)
I1005 14:46:43.500758 14457 solver.cpp:590] Iteration 9700, lr = 0.01
I1005 14:46:46.003281 14457 solver.cpp:243] Iteration 9800, loss = 0.124591
I1005 14:46:46.003314 14457 solver.cpp:259]     Train net output #0: error_blob = 0.124591 (* 1 = 0.124591 loss)
I1005 14:46:46.003319 14457 solver.cpp:590] Iteration 9800, lr = 0.01
I1005 14:46:48.511852 14457 solver.cpp:243] Iteration 9900, loss = 0.125695
I1005 14:46:48.511893 14457 solver.cpp:259]     Train net output #0: error_blob = 0.125695 (* 1 = 0.125695 loss)
I1005 14:46:48.511898 14457 solver.cpp:590] Iteration 9900, lr = 0.01
I1005 14:46:51.018522 14457 solver.cpp:468] Snapshotting to binary proto file _iter_10000.caffemodel
I1005 14:46:51.019330 14457 solver.cpp:753] Snapshotting solver state to binary proto file _iter_10000.solverstate
I1005 14:46:51.043447 14457 solver.cpp:327] Iteration 10000, loss = 0.125001
I1005 14:46:51.043474 14457 solver.cpp:332] Optimization Done.
I1005 14:46:51.043488 14457 caffe.cpp:215] Optimization Done.
