I1005 09:50:09.372879 14035 caffe.cpp:184] Using GPUs 0
I1005 09:50:09.948278 14035 solver.cpp:54] Initializing solver from parameters: 
base_lr: 0.01
display: 100
max_iter: 10000
lr_policy: "fixed"
momentum: 0.9
solver_mode: GPU
device_id: 0
net: "basic/model0_full.prototxt"
I1005 09:50:09.948309 14035 solver.cpp:97] Creating training net from net file: basic/model0_full.prototxt
[libprotobuf ERROR google/protobuf/text_format.cc:245] Error parsing text-format caffe.NetParameter: 14:3: Expected identifier.
F1005 09:50:09.948415 14035 upgrade_proto.cpp:928] Check failed: ReadProtoFromTextFile(param_file, param) Failed to parse NetParameter file: basic/model0_full.prototxt
*** Check failure stack trace: ***
    @     0x7f6b6acc5daa  (unknown)
    @     0x7f6b6acc5ce4  (unknown)
    @     0x7f6b6acc56e6  (unknown)
    @     0x7f6b6acc8687  (unknown)
    @     0x7f6b6b12d4be  caffe::ReadNetParamsFromTextFileOrDie()
    @     0x7f6b6b0fb3bb  caffe::Solver<>::InitTrainNet()
    @     0x7f6b6b0fc4cc  caffe::Solver<>::Init()
    @     0x7f6b6b0fc7d9  caffe::Solver<>::Solver()
    @           0x412945  caffe::GetSolver<>()
    @           0x40b626  train()
    @           0x409471  main
    @     0x7f6b699e8ec5  (unknown)
    @           0x409c0b  (unknown)
    @              (nil)  (unknown)
