I1006 15:38:06.413893 22673 caffe.cpp:184] Using GPUs 0
I1006 15:38:06.988505 22673 solver.cpp:54] Initializing solver from parameters: 
base_lr: 0.01
display: 100
max_iter: 1000
lr_policy: "fixed"
momentum: 0.9
solver_mode: GPU
device_id: 0
net: "full_batch_sce/model2_full.prototxt"
I1006 15:38:06.988541 22673 solver.cpp:97] Creating training net from net file: full_batch_sce/model2_full.prototxt
I1006 15:38:06.988700 22673 net.cpp:50] Initializing net from parameters: 
name: "full_batch_sce/model2_full.prototxt"
state {
  phase: TRAIN
}
layer {
  name: "data_layer"
  type: "Data"
  top: "data_blob"
  top: "label_blob"
  data_param {
    source: "lmdb/SCOREDATA.vina.balanced.full"
    batch_size: 40000
    backend: LMDB
    prefetch: 8
  }
}
layer {
  name: "hidden_sum_layer"
  type: "InnerProduct"
  bottom: "data_blob"
  top: "hidden_sum_blob"
  inner_product_param {
    num_output: 10
    weight_filler {
      type: "xavier"
    }
    bias_filler {
      type: "constant"
    }
  }
}
layer {
  name: "hidden_act_layer"
  type: "Sigmoid"
  bottom: "hidden_sum_blob"
  top: "hidden_act_blob"
}
layer {
  name: "output_sum_layer"
  type: "InnerProduct"
  bottom: "hidden_act_blob"
  top: "output_sum_blob"
  inner_product_param {
    num_output: 1
    weight_filler {
      type: "xavier"
    }
    bias_filler {
      type: "constant"
    }
  }
}
layer {
  name: "output_act_layer"
  type: "Sigmoid"
  bottom: "output_sum_blob"
  top: "output_act_blob"
}
layer {
  name: "error_layer"
  type: "SigmoidCrossEntropyLoss"
  bottom: "output_act_blob"
  bottom: "label_blob"
  top: "error_blob"
}
I1006 15:38:06.988749 22673 layer_factory.hpp:76] Creating layer data_layer
I1006 15:38:07.014703 22673 net.cpp:110] Creating Layer data_layer
I1006 15:38:07.014726 22673 net.cpp:433] data_layer -> data_blob
I1006 15:38:07.014752 22673 net.cpp:433] data_layer -> label_blob
I1006 15:38:07.015333 22677 db_lmdb.cpp:23] Opened lmdb lmdb/SCOREDATA.vina.balanced.full
I1006 15:38:07.702397 22673 data_layer.cpp:45] output data size: 40000,61,1,1
I1006 15:38:07.712932 22673 net.cpp:155] Setting up data_layer
I1006 15:38:07.712985 22673 net.cpp:163] Top shape: 40000 61 1 1 (2440000)
I1006 15:38:07.712991 22673 net.cpp:163] Top shape: 40000 (40000)
I1006 15:38:07.713007 22673 layer_factory.hpp:76] Creating layer hidden_sum_layer
I1006 15:38:07.713029 22673 net.cpp:110] Creating Layer hidden_sum_layer
I1006 15:38:07.713033 22673 net.cpp:477] hidden_sum_layer <- data_blob
I1006 15:38:07.713054 22673 net.cpp:433] hidden_sum_layer -> hidden_sum_blob
I1006 15:38:07.713456 22673 net.cpp:155] Setting up hidden_sum_layer
I1006 15:38:07.713464 22673 net.cpp:163] Top shape: 40000 10 (400000)
I1006 15:38:07.713486 22673 layer_factory.hpp:76] Creating layer hidden_act_layer
I1006 15:38:07.713505 22673 net.cpp:110] Creating Layer hidden_act_layer
I1006 15:38:07.713506 22673 net.cpp:477] hidden_act_layer <- hidden_sum_blob
I1006 15:38:07.713510 22673 net.cpp:433] hidden_act_layer -> hidden_act_blob
I1006 15:38:10.934792 22673 net.cpp:155] Setting up hidden_act_layer
I1006 15:38:10.934814 22673 net.cpp:163] Top shape: 40000 10 (400000)
I1006 15:38:10.934819 22673 layer_factory.hpp:76] Creating layer output_sum_layer
I1006 15:38:10.934828 22673 net.cpp:110] Creating Layer output_sum_layer
I1006 15:38:10.934831 22673 net.cpp:477] output_sum_layer <- hidden_act_blob
I1006 15:38:10.934836 22673 net.cpp:433] output_sum_layer -> output_sum_blob
I1006 15:38:10.934945 22673 net.cpp:155] Setting up output_sum_layer
I1006 15:38:10.934950 22673 net.cpp:163] Top shape: 40000 1 (40000)
I1006 15:38:10.934957 22673 layer_factory.hpp:76] Creating layer output_act_layer
I1006 15:38:10.934962 22673 net.cpp:110] Creating Layer output_act_layer
I1006 15:38:10.934973 22673 net.cpp:477] output_act_layer <- output_sum_blob
I1006 15:38:10.934976 22673 net.cpp:433] output_act_layer -> output_act_blob
I1006 15:38:10.935057 22673 net.cpp:155] Setting up output_act_layer
I1006 15:38:10.935061 22673 net.cpp:163] Top shape: 40000 1 (40000)
I1006 15:38:10.935062 22673 layer_factory.hpp:76] Creating layer error_layer
I1006 15:38:10.935068 22673 net.cpp:110] Creating Layer error_layer
I1006 15:38:10.935083 22673 net.cpp:477] error_layer <- output_act_blob
I1006 15:38:10.935096 22673 net.cpp:477] error_layer <- label_blob
I1006 15:38:10.935101 22673 net.cpp:433] error_layer -> error_blob
I1006 15:38:10.935123 22673 net.cpp:155] Setting up error_layer
I1006 15:38:10.935127 22673 net.cpp:163] Top shape: (1)
I1006 15:38:10.935138 22673 net.cpp:168]     with loss weight 1
I1006 15:38:10.935163 22673 net.cpp:236] error_layer needs backward computation.
I1006 15:38:10.935174 22673 net.cpp:236] output_act_layer needs backward computation.
I1006 15:38:10.935176 22673 net.cpp:236] output_sum_layer needs backward computation.
I1006 15:38:10.935178 22673 net.cpp:236] hidden_act_layer needs backward computation.
I1006 15:38:10.935180 22673 net.cpp:236] hidden_sum_layer needs backward computation.
I1006 15:38:10.935183 22673 net.cpp:240] data_layer does not need backward computation.
I1006 15:38:10.935194 22673 net.cpp:283] This network produces output error_blob
I1006 15:38:10.935199 22673 net.cpp:297] Network initialization done.
I1006 15:38:10.935200 22673 net.cpp:298] Memory required for data: 13440004
I1006 15:38:10.935221 22673 solver.cpp:66] Solver scaffolding done.
I1006 15:38:10.935330 22673 caffe.cpp:212] Starting Optimization
I1006 15:38:10.935334 22673 solver.cpp:294] Solving full_batch_sce/model2_full.prototxt
I1006 15:38:10.935336 22673 solver.cpp:295] Learning Rate Policy: fixed
I1006 15:38:10.939273 22673 solver.cpp:243] Iteration 0, loss = 0.728356
I1006 15:38:10.939299 22673 solver.cpp:259]     Train net output #0: error_blob = 0.728356 (* 1 = 0.728356 loss)
I1006 15:38:10.939306 22673 solver.cpp:590] Iteration 0, lr = 0.01
I1006 15:38:10.946774 22673 blocking_queue.cpp:50] Data layer prefetch queue empty
I1006 15:38:15.866184 22673 solver.cpp:243] Iteration 100, loss = 0.702383
I1006 15:38:15.866230 22673 solver.cpp:259]     Train net output #0: error_blob = 0.702383 (* 1 = 0.702383 loss)
I1006 15:38:15.866237 22673 solver.cpp:590] Iteration 100, lr = 0.01
I1006 15:38:20.994902 22673 solver.cpp:243] Iteration 200, loss = 0.690211
I1006 15:38:20.994936 22673 solver.cpp:259]     Train net output #0: error_blob = 0.690211 (* 1 = 0.690211 loss)
I1006 15:38:20.994943 22673 solver.cpp:590] Iteration 200, lr = 0.01
I1006 15:38:26.056789 22673 solver.cpp:243] Iteration 300, loss = 0.6859
I1006 15:38:26.056828 22673 solver.cpp:259]     Train net output #0: error_blob = 0.6859 (* 1 = 0.6859 loss)
I1006 15:38:26.056833 22673 solver.cpp:590] Iteration 300, lr = 0.01
I1006 15:38:30.981241 22673 solver.cpp:243] Iteration 400, loss = 0.679573
I1006 15:38:30.981271 22673 solver.cpp:259]     Train net output #0: error_blob = 0.679573 (* 1 = 0.679573 loss)
I1006 15:38:30.981277 22673 solver.cpp:590] Iteration 400, lr = 0.01
I1006 15:38:35.932775 22673 solver.cpp:243] Iteration 500, loss = 0.676379
I1006 15:38:35.932819 22673 solver.cpp:259]     Train net output #0: error_blob = 0.676379 (* 1 = 0.676379 loss)
I1006 15:38:35.932826 22673 solver.cpp:590] Iteration 500, lr = 0.01
I1006 15:38:40.888649 22673 solver.cpp:243] Iteration 600, loss = 0.675388
I1006 15:38:40.888706 22673 solver.cpp:259]     Train net output #0: error_blob = 0.675388 (* 1 = 0.675388 loss)
I1006 15:38:40.888711 22673 solver.cpp:590] Iteration 600, lr = 0.01
I1006 15:38:45.850188 22673 solver.cpp:243] Iteration 700, loss = 0.672009
I1006 15:38:45.850224 22673 solver.cpp:259]     Train net output #0: error_blob = 0.672009 (* 1 = 0.672009 loss)
I1006 15:38:45.850242 22673 solver.cpp:590] Iteration 700, lr = 0.01
I1006 15:38:50.879891 22673 solver.cpp:243] Iteration 800, loss = 0.670747
I1006 15:38:50.879921 22673 solver.cpp:259]     Train net output #0: error_blob = 0.670747 (* 1 = 0.670747 loss)
I1006 15:38:50.879926 22673 solver.cpp:590] Iteration 800, lr = 0.01
I1006 15:38:55.875075 22673 solver.cpp:243] Iteration 900, loss = 0.668043
I1006 15:38:55.875113 22673 solver.cpp:259]     Train net output #0: error_blob = 0.668043 (* 1 = 0.668043 loss)
I1006 15:38:55.875120 22673 solver.cpp:590] Iteration 900, lr = 0.01
I1006 15:39:00.816187 22673 solver.cpp:468] Snapshotting to binary proto file _iter_1000.caffemodel
I1006 15:39:00.817420 22673 solver.cpp:753] Snapshotting solver state to binary proto file _iter_1000.solverstate
I1006 15:39:00.866828 22673 solver.cpp:327] Iteration 1000, loss = 0.666655
I1006 15:39:00.866850 22673 solver.cpp:332] Optimization Done.
I1006 15:39:00.866863 22673 caffe.cpp:215] Optimization Done.
